C:\USERS\USER\DESKTOP\R3\XFSD\UI2\DEBUG\UI2.EXE
C:\USERS\USER\DESKTOP\R3\XFSD\UI2\DEBUG\UI2.ILK
C:\USERS\USER\DESKTOP\R3\XFSD\UI2\DEBUG\UI2.PDB
C:\Users\user\Desktop\r3\xfsd\UI2\UI2\Debug\cl.command.1.tlog
C:\Users\user\Desktop\r3\xfsd\UI2\UI2\Debug\CL.read.1.tlog
C:\Users\user\Desktop\r3\xfsd\UI2\UI2\Debug\CL.write.1.tlog
C:\Users\user\Desktop\r3\xfsd\UI2\UI2\Debug\link.command.1.tlog
C:\Users\user\Desktop\r3\xfsd\UI2\UI2\Debug\link.read.1.tlog
C:\Users\user\Desktop\r3\xfsd\UI2\UI2\Debug\link.write.1.tlog
C:\Users\user\Desktop\r3\xfsd\UI2\UI2\Debug\link-cvtres.read.1.tlog
C:\Users\user\Desktop\r3\xfsd\UI2\UI2\Debug\link-cvtres.write.1.tlog
C:\Users\user\Desktop\r3\xfsd\UI2\UI2\Debug\mt.command.1.tlog
C:\Users\user\Desktop\r3\xfsd\UI2\UI2\Debug\mt.read.1.tlog
C:\Users\user\Desktop\r3\xfsd\UI2\UI2\Debug\mt.write.1.tlog
C:\Users\user\Desktop\r3\xfsd\UI2\UI2\Debug\rc.command.1.tlog
C:\Users\user\Desktop\r3\xfsd\UI2\UI2\Debug\rc.read.1.tlog
C:\Users\user\Desktop\r3\xfsd\UI2\UI2\Debug\rc.write.1.tlog
C:\USERS\USER\DESKTOP\R3\XFSD\UI2\UI2\DEBUG\STDAFX.OBJ
C:\USERS\USER\DESKTOP\R3\XFSD\UI2\UI2\DEBUG\UI2.EXE.EMBED.MANIFEST
C:\USERS\USER\DESKTOP\R3\XFSD\UI2\UI2\DEBUG\UI2.EXE.EMBED.MANIFEST.RES
C:\USERS\USER\DESKTOP\R3\XFSD\UI2\UI2\DEBUG\UI2.EXE.INTERMEDIATE.MANIFEST
C:\USERS\USER\DESKTOP\R3\XFSD\UI2\UI2\DEBUG\UI2.OBJ
C:\USERS\USER\DESKTOP\R3\XFSD\UI2\UI2\DEBUG\UI2.PCH
C:\USERS\USER\DESKTOP\R3\XFSD\UI2\UI2\DEBUG\UI2.RES
C:\Users\user\Desktop\r3\xfsd\UI2\UI2\Debug\UI2_manifest.rc
C:\USERS\USER\DESKTOP\R3\XFSD\UI2\UI2\DEBUG\UI2DLG.OBJ
C:\Users\user\Desktop\r3\xfsd\UI2\UI2\Debug\vc100.idb
C:\USERS\USER\DESKTOP\R3\XFSD\UI2\UI2\DEBUG\VC100.PDB
