生成启动时间为 2012/6/27 21:10:48。
     1>项目“C:\Users\yangjing\Documents\GitHub\xfsd\UI2\UI2\UI2.vcxproj”在节点 2 上(rebuild 个目标)。
     1>_PrepareForClean:
         正在删除文件“Debug\UI2.lastbuildstate”。
       InitializeBuildStatus:
         正在对“Debug\UI2.unsuccessfulbuild”执行 Touch 任务。
       ClCompile:
         E:\Program Files\Microsoft Visual Studio 10.0\VC\bin\CL.exe /c /IC:\Users\yangjing\Documents\GitHub\xfsd\UI2\UI2\..\..\fs /ZI /nologo /W3 /WX- /Od /Oy- /D WIN32 /D _WINDOWS /D _DEBUG /D _UNICODE /D UNICODE /D _AFXDLL /Gm /EHsc /RTC1 /MDd /GS /fp:precise /Zc:wchar_t /Zc:forScope /Yc"StdAfx.h" /Fp"Debug\UI2.pch" /Fo"Debug\\" /Fd"Debug\vc100.pdb" /Gd /TP /analyze- /errorReport:prompt stdafx.cpp
         stdafx.cpp
         E:\Program Files\Microsoft Visual Studio 10.0\VC\bin\CL.exe /c /IC:\Users\yangjing\Documents\GitHub\xfsd\UI2\UI2\..\..\fs /ZI /nologo /W3 /WX- /Od /Oy- /D WIN32 /D _WINDOWS /D _DEBUG /D _UNICODE /D UNICODE /D _AFXDLL /Gm /EHsc /RTC1 /MDd /GS /fp:precise /Zc:wchar_t /Zc:forScope /Yu"StdAfx.h" /Fp"Debug\UI2.pch" /Fo"Debug\\" /Fd"Debug\vc100.pdb" /Gd /TP /analyze- /errorReport:prompt UI2.cpp UI2Dlg.cpp
         UI2Dlg.cpp
     1>c:\users\yangjing\documents\github\xfsd\fs\xfsd_types.h(236): warning C4005: “offsetof”: 宏重定义
                 e:\program files\microsoft visual studio 10.0\vc\include\stddef.h(60) : 参见“offsetof”的前一个定义
     1>c:\users\yangjing\documents\github\xfsd\ui2\ui2\ui2dlg.cpp(190): warning C4996: 'fopen': This function or variable may be unsafe. Consider using fopen_s instead. To disable deprecation, use _CRT_SECURE_NO_WARNINGS. See online help for details.
                 e:\program files\microsoft visual studio 10.0\vc\include\stdio.h(234) : 参见“fopen”的声明
         UI2.cpp
         正在生成代码...
       ResourceCompile:
         C:\Program Files\Microsoft SDKs\Windows\v7.0A\bin\rc.exe /D _DEBUG /D _UNICODE /D UNICODE /D _AFXDLL /l"0x0804" /IDebug\ /nologo /fo"Debug\UI2.res" UI2.rc 
       ManifestResourceCompile:
         C:\Program Files\Microsoft SDKs\Windows\v7.0A\bin\rc.exe /nologo /fo"Debug\UI2.exe.embed.manifest.res" Debug\UI2_manifest.rc 
       Link:
         E:\Program Files\Microsoft Visual Studio 10.0\VC\bin\link.exe /ERRORREPORT:PROMPT /OUT:"C:\Users\yangjing\Documents\GitHub\xfsd\UI2\Debug\UI2.exe" /INCREMENTAL /NOLOGO /MANIFEST /ManifestFile:"Debug\UI2.exe.intermediate.manifest" /MANIFESTUAC:"level='asInvoker' uiAccess='false'" /DEBUG /PDB:"C:\Users\yangjing\Documents\GitHub\xfsd\UI2\Debug\UI2.pdb" /SUBSYSTEM:WINDOWS /TLBID:1 /ENTRY:"wWinMainCRTStartup" /DYNAMICBASE /NXCOMPAT /IMPLIB:"C:\Users\yangjing\Documents\GitHub\xfsd\UI2\Debug\UI2.lib" /MACHINE:X86 Debug\UI2.res
         Debug\UI2.exe.embed.manifest.res
         Debug\stdafx.obj
         Debug\UI2.obj
         Debug\UI2Dlg.obj "..\..\fs\xfsd.lib" 
     1>LINK : warning LNK4098: 默认库“LIBCMT”与其他库的使用冲突；请使用 /NODEFAULTLIB:library
       Manifest:
         正在删除文件“Debug\UI2.exe.embed.manifest”。
         C:\Program Files\Microsoft SDKs\Windows\v7.0A\bin\mt.exe /nologo /verbose /out:"Debug\UI2.exe.embed.manifest" /manifest Debug\UI2.exe.intermediate.manifest "E:\Program Files\Microsoft Visual Studio 10.0\VC\Include\Manifest\dpiaware.manifest"
         C:\Program Files\Microsoft SDKs\Windows\v7.0A\bin\rc.exe /nologo /fo"Debug\UI2.exe.embed.manifest.res" Debug\UI2_manifest.rc 
       LinkEmbedManifest:
         E:\Program Files\Microsoft Visual Studio 10.0\VC\bin\link.exe /ERRORREPORT:PROMPT /OUT:"C:\Users\yangjing\Documents\GitHub\xfsd\UI2\Debug\UI2.exe" /INCREMENTAL /NOLOGO /MANIFEST /ManifestFile:"Debug\UI2.exe.intermediate.manifest" /MANIFESTUAC:"level='asInvoker' uiAccess='false'" /DEBUG /PDB:"C:\Users\yangjing\Documents\GitHub\xfsd\UI2\Debug\UI2.pdb" /SUBSYSTEM:WINDOWS /TLBID:1 /ENTRY:"wWinMainCRTStartup" /DYNAMICBASE /NXCOMPAT /IMPLIB:"C:\Users\yangjing\Documents\GitHub\xfsd\UI2\Debug\UI2.lib" /MACHINE:X86 Debug\UI2.res
         Debug\UI2.exe.embed.manifest.res
         Debug\stdafx.obj
         Debug\UI2.obj
         Debug\UI2Dlg.obj "..\..\fs\xfsd.lib" 
         UI2.vcxproj -> C:\Users\yangjing\Documents\GitHub\xfsd\UI2\Debug\UI2.exe
       FinalizeBuildStatus:
         正在删除文件“Debug\UI2.unsuccessfulbuild”。
         正在对“Debug\UI2.lastbuildstate”执行 Touch 任务。
     1>已完成生成项目“C:\Users\yangjing\Documents\GitHub\xfsd\UI2\UI2\UI2.vcxproj”(rebuild 个目标)的操作。

生成成功。

已用时间 00:00:06.04
